#-----------------------------------------------------------
# Vivado v2024.1 (64-bit)
# SW Build 5076996 on Wed May 22 18:37:14 MDT 2024
# IP Build 5075265 on Wed May 22 21:45:21 MDT 2024
# SharedData Build 5076995 on Wed May 22 18:29:18 MDT 2024
# Start of session at: Mon Dec  9 20:06:32 2024
# Process ID: 16036
# Current directory: C:/Users/surya/FFT_Step_Wise
# Command line: vivado.exe -gui_launcher_event rodinguilauncherevent28152 C:\Users\surya\FFT_Step_Wise\FFT_Step_Wise.xpr
# Log file: C:/Users/surya/FFT_Step_Wise/vivado.log
# Journal file: C:/Users/surya/FFT_Step_Wise\vivado.jou
# Running On        :hp
# Platform          :Windows Server 2016 or Windows 10
# Operating System  :22631
# Processor Detail  :13th Gen Intel(R) Core(TM) i5-13420H
# CPU Frequency     :2611 MHz
# CPU Physical cores:8
# CPU Logical cores :12
# Host memory       :16802 MB
# Swap memory       :30064 MB
# Total Virtual     :46867 MB
# Available Virtual :29266 MB
#-----------------------------------------------------------
start_gui
